
Tue Feb 14 20:14:43 2017 ----------------------------

[0, 1, 2] -> [1, 2, None], [2, 0, None], [0, 1, None]

[0, 1, 2] -> [1, 2, None], [2, 0, None], [0, 1, None]
[1, 6, 2] -> [6, 2, None], [2, 1, None], [1, 6, None]


Tue Feb 14 20:15:10 2017 ----------------------------

[0, 1, 2] -> [1, 2, None], [2, 0, None], [0, 1, None]

[0, 1, 2] -> [1, 2, None], [2, 0, None], [0, 1, None]
[1, 6, 2] -> [6, 2, None], [2, 1, None], [1, 6, None]

[0, 1, 2] -> [1, 6, 2], [2, 0, None], [0, 1, None]
[1, 6, 2] -> [6, 2, None], [0, 1, 2], [1, 6, None]

[0, 1, 2] -> [1, 2, None], [2, 0, None], [0, 1, None]
[1, 6, 2] -> [6, 2, None], [2, 1, None], [1, 6, None]

[0, 2, 1] -> [2, 1, None], [1, 0, None], [0, 2, None]

[0, 2, 1] -> [2, 1, None], [1, 0, None], [0, 2, None]
[1, 2, 6] -> [2, 6, None], [6, 1, None], [1, 2, None]

[0, 2, 1] -> [1, 2, 6], [1, 0, None], [0, 2, None]
[1, 2, 6] -> [2, 6, None], [0, 2, 1], [1, 2, None]

[0, 2, 1] -> [2, 1, None], [1, 0, None], [0, 2, None]
[1, 2, 6] -> [2, 6, None], [6, 1, None], [1, 2, None]


Tue Feb 14 20:20:16 2017 ----------------------------

[0, 2, 1] -> [2, 1, None], [1, 0, None], [0, 2, None]

[0, 2, 1] -> [2, 1, None], [1, 0, None], [0, 2, None]
[1, 2, 6] -> [2, 6, None], [6, 1, None], [1, 2, None]

[0, 2, 1] -> [1, 2, 6], [1, 0, None], [0, 2, None]
[1, 2, 6] -> [2, 6, None], [0, 2, 1], [1, 2, None]

[0, 2, 1] -> [2, 1, None], [1, 0, None], [0, 2, None]
[1, 2, 6] -> [2, 6, None], [6, 1, None], [1, 2, None]


Tue Feb 14 20:20:27 2017 ----------------------------

[0, 2, 1] -> [2, 1, None], [1, 0, None], [0, 2, None]

[0, 2, 1] -> [2, 1, None], [1, 0, None], [0, 2, None]
[1, 2, 6] -> [2, 6, None], [6, 1, None], [1, 2, None]


Tue Feb 14 20:20:54 2017 ----------------------------


Tue Feb 14 20:21:40 2017 ----------------------------

[0, 1, 2] -> [1, 2, None], [2, 0, None], [0, 1, None]

[0, 1, 2] -> [1, 2, None], [2, 0, None], [0, 1, None]
[1, 6, 2] -> [6, 2, None], [2, 1, None], [1, 6, None]

[0, 1, 2] -> [1, 6, 2], [2, 0, None], [0, 1, None]
[1, 6, 2] -> [6, 2, None], [0, 1, 2], [1, 6, None]


Tue Feb 14 20:21:51 2017 ----------------------------


Tue Feb 14 20:22:19 2017 ----------------------------

[0, 1, 2] -> [1, 2, None], [2, 0, None], [0, 1, None]

[0, 1, 2] -> [1, 2, None], [2, 0, None], [0, 1, None]
[1, 6, 2] -> [6, 2, None], [2, 1, None], [1, 6, None]

[0, 1, 2] -> [1, 6, 2], [2, 0, None], [0, 1, None]
[1, 6, 2] -> [6, 2, None], [0, 1, 2], [1, 6, None]

